app/build/outputs/apk/manifest-merger-debug-report.txt
-- Merging decision tree log ---
manifest
ADDED from AndroidManifest.xml:2:1
	package
		ADDED from AndroidManifest.xml:3:5
		INJECTED from AndroidManifest.xml:0:0
		INJECTED from AndroidManifest.xml:0:0
	android:versionName
		ADDED from AndroidManifest.xml:5:5
	android:versionCode
		ADDED from AndroidManifest.xml:4:5
		INJECTED from AndroidManifest.xml:0:0
		INJECTED from AndroidManifest.xml:0:0
	xmlns:android
		ADDED from AndroidManifest.xml:2:11
uses-feature#android.hardware.usb.host
ADDED from AndroidManifest.xml:7:5
	android:name
		ADDED from AndroidManifest.xml:7:19
uses-permission#android.permission.USB_PERMISSION
ADDED from AndroidManifest.xml:9:5
	android:name
		ADDED from AndroidManifest.xml:9:22
uses-permission#android.permission.WRITE_EXTERNAL_STORAGE
ADDED from AndroidManifest.xml:10:5
	android:name
		ADDED from AndroidManifest.xml:10:22
uses-permission#android.permission.READ_EXTERNAL_STORAGE
ADDED from AndroidManifest.xml:11:5
	android:name
		ADDED from AndroidManifest.xml:11:22
uses-permission#android.permission.RECEIVE_BOOT_COMPLETED
ADDED from AndroidManifest.xml:12:5
	android:name
		ADDED from AndroidManifest.xml:12:22
uses-permission#android.permission.READ_LOGS
ADDED from AndroidManifest.xml:13:5
	android:name
		ADDED from AndroidManifest.xml:13:22
uses-permission#android.permission.KILL_BACKGROUND_PROCESSES
ADDED from AndroidManifest.xml:14:5
	android:name
		ADDED from AndroidManifest.xml:14:22
uses-permission#android.permission.WRITE_SETTINGS
ADDED from AndroidManifest.xml:15:5
	android:name
		ADDED from AndroidManifest.xml:15:22
application
ADDED from AndroidManifest.xml:17:5
	android:label
		ADDED from AndroidManifest.xml:22:9
	android:killAfterRestore
		ADDED from AndroidManifest.xml:21:9
	android:allowBackup
		ADDED from AndroidManifest.xml:19:9
	android:icon
		ADDED from AndroidManifest.xml:20:9
	android:largeHeap
		ADDED from AndroidManifest.xml:23:9
	android:persistent
		ADDED from AndroidManifest.xml:24:9
	android:theme
		ADDED from AndroidManifest.xml:25:9
	android:name
		ADDED from AndroidManifest.xml:18:9
receiver#com.isosystem.smarthouse.utils.PowerConnectionReceiver
ADDED from AndroidManifest.xml:27:9
	android:exported
		ADDED from AndroidManifest.xml:29:13
	android:name
		ADDED from AndroidManifest.xml:28:13
intent-filter#android.intent.action.ACTION_POWER_CONNECTED+android.intent.action.ACTION_POWER_DISCONNECTED
ADDED from AndroidManifest.xml:30:13
action#android.intent.action.ACTION_POWER_CONNECTED
ADDED from AndroidManifest.xml:31:17
	android:name
		ADDED from AndroidManifest.xml:31:25
action#android.intent.action.ACTION_POWER_DISCONNECTED
ADDED from AndroidManifest.xml:32:17
	android:name
		ADDED from AndroidManifest.xml:32:25
receiver#com.isosystem.smarthouse.BootCompletedEventReceiver
ADDED from AndroidManifest.xml:35:9
	android:exported
		ADDED from AndroidManifest.xml:37:13
	android:permission
		ADDED from AndroidManifest.xml:38:13
	android:name
		ADDED from AndroidManifest.xml:36:13
intent-filter#android.intent.action.BOOT_COMPLETED+android.intent.category.DEFAULT+android.intent.category.LAUNCHER
ADDED from AndroidManifest.xml:39:13
action#android.intent.action.BOOT_COMPLETED
ADDED from AndroidManifest.xml:40:17
	android:name
		ADDED from AndroidManifest.xml:40:25
category#android.intent.category.DEFAULT
ADDED from AndroidManifest.xml:42:17
	android:name
		ADDED from AndroidManifest.xml:42:27
category#android.intent.category.LAUNCHER
ADDED from AndroidManifest.xml:43:17
	android:name
		ADDED from AndroidManifest.xml:43:27
service#com.isosystem.smarthouse.connection.USBReceiveService
ADDED from AndroidManifest.xml:48:9
	android:enabled
		ADDED from AndroidManifest.xml:50:13
	android:exported
		ADDED from AndroidManifest.xml:51:13
	android:stopWithTask
		ADDED from AndroidManifest.xml:52:13
	android:name
		ADDED from AndroidManifest.xml:49:13
service#com.isosystem.smarthouse.connection.USBSendService
ADDED from AndroidManifest.xml:54:9
	android:enabled
		ADDED from AndroidManifest.xml:56:13
	android:name
		ADDED from AndroidManifest.xml:55:13
activity#com.isosystem.smarthouse.connection.UsbAttachEventReceiver
ADDED from AndroidManifest.xml:59:9
	android:process
		ADDED from AndroidManifest.xml:66:13
	android:label
		ADDED from AndroidManifest.xml:63:13
	android:excludeFromRecents
		ADDED from AndroidManifest.xml:61:13
	android:exported
		ADDED from AndroidManifest.xml:62:13
	android:noHistory
		ADDED from AndroidManifest.xml:64:13
	android:permission
		ADDED from AndroidManifest.xml:65:13
	android:theme
		ADDED from AndroidManifest.xml:68:13
	android:taskAffinity
		ADDED from AndroidManifest.xml:67:13
	android:name
		ADDED from AndroidManifest.xml:60:13
intent-filter#android.hardware.usb.action.USB_DEVICE_ATTACHED
ADDED from AndroidManifest.xml:69:13
action#android.hardware.usb.action.USB_DEVICE_ATTACHED
ADDED from AndroidManifest.xml:70:17
	android:name
		ADDED from AndroidManifest.xml:70:25
meta-data#android.hardware.usb.action.USB_DEVICE_ATTACHED
ADDED from AndroidManifest.xml:73:13
	android:resource
		ADDED from AndroidManifest.xml:75:17
	android:name
		ADDED from AndroidManifest.xml:74:17
activity#com.isosystem.smarthouse.MainActivity
ADDED from AndroidManifest.xml:80:9
	android:label
		ADDED from AndroidManifest.xml:83:13
	android:excludeFromRecents
		ADDED from AndroidManifest.xml:82:13
	android:name
		ADDED from AndroidManifest.xml:81:13
intent-filter#android.intent.action.MAIN+android.intent.category.LAUNCHER
ADDED from AndroidManifest.xml:84:13
action#android.intent.action.MAIN
ADDED from AndroidManifest.xml:85:17
	android:name
		ADDED from AndroidManifest.xml:85:25
activity#com.isosystem.smarthouse.settings.SettingsActivity
ADDED from AndroidManifest.xml:90:9
	android:label
		ADDED from AndroidManifest.xml:93:13
	android:excludeFromRecents
		ADDED from AndroidManifest.xml:92:13
	android:windowSoftInputMode
		ADDED from AndroidManifest.xml:94:13
	android:name
		ADDED from AndroidManifest.xml:91:13
activity#com.isosystem.smarthouse.settings.AddMenuItemActivity
ADDED from AndroidManifest.xml:96:9
	android:label
		ADDED from AndroidManifest.xml:98:13
	android:noHistory
		ADDED from AndroidManifest.xml:99:13
	android:windowSoftInputMode
		ADDED from AndroidManifest.xml:100:13
	android:name
		ADDED from AndroidManifest.xml:97:13
activity#com.isosystem.smarthouse.MainMenuPageSendIntValueActivity
ADDED from AndroidManifest.xml:102:9
	android:label
		ADDED from AndroidManifest.xml:105:13
	android:noHistory
		ADDED from AndroidManifest.xml:106:13
	android:windowSoftInputMode
		ADDED from AndroidManifest.xml:107:13
	android:configChanges
		ADDED from AndroidManifest.xml:104:13
	android:name
		ADDED from AndroidManifest.xml:103:13
activity#com.isosystem.smarthouse.MainMenuPageSendPasswordActivity
ADDED from AndroidManifest.xml:109:9
	android:label
		ADDED from AndroidManifest.xml:112:13
	android:noHistory
		ADDED from AndroidManifest.xml:113:13
	android:windowSoftInputMode
		ADDED from AndroidManifest.xml:114:13
	android:configChanges
		ADDED from AndroidManifest.xml:111:13
	android:name
		ADDED from AndroidManifest.xml:110:13
activity#com.isosystem.smarthouse.MainMenuPageSendRangeIntValueActivity
ADDED from AndroidManifest.xml:116:9
	android:label
		ADDED from AndroidManifest.xml:119:13
	android:noHistory
		ADDED from AndroidManifest.xml:120:13
	android:windowSoftInputMode
		ADDED from AndroidManifest.xml:121:13
	android:configChanges
		ADDED from AndroidManifest.xml:118:13
	android:name
		ADDED from AndroidManifest.xml:117:13
activity#com.isosystem.smarthouse.MainMenuPageSendRangeDateTimeActivity
ADDED from AndroidManifest.xml:123:9
	android:label
		ADDED from AndroidManifest.xml:126:13
	android:noHistory
		ADDED from AndroidManifest.xml:127:13
	android:windowSoftInputMode
		ADDED from AndroidManifest.xml:128:13
	android:configChanges
		ADDED from AndroidManifest.xml:125:13
	android:name
		ADDED from AndroidManifest.xml:124:13
activity#com.isosystem.smarthouse.MainMenuPageSliderIntValueActivity
ADDED from AndroidManifest.xml:130:9
	android:label
		ADDED from AndroidManifest.xml:133:13
	android:noHistory
		ADDED from AndroidManifest.xml:134:13
	android:windowSoftInputMode
		ADDED from AndroidManifest.xml:135:13
	android:configChanges
		ADDED from AndroidManifest.xml:132:13
	android:name
		ADDED from AndroidManifest.xml:131:13
activity#com.isosystem.smarthouse.settings.ApplicationPreferencesActivity
ADDED from AndroidManifest.xml:137:9
	android:label
		ADDED from AndroidManifest.xml:139:13
	android:noHistory
		ADDED from AndroidManifest.xml:140:13
	android:name
		ADDED from AndroidManifest.xml:138:13
activity#com.isosystem.smarthouse.MainMenuPageSendBoolValueActivity
ADDED from AndroidManifest.xml:142:9
	android:label
		ADDED from AndroidManifest.xml:145:13
	android:noHistory
		ADDED from AndroidManifest.xml:146:13
	android:windowSoftInputMode
		ADDED from AndroidManifest.xml:147:13
	android:configChanges
		ADDED from AndroidManifest.xml:144:13
	android:name
		ADDED from AndroidManifest.xml:143:13
activity#com.isosystem.smarthouse.settings.AddMenuItemSendValue
ADDED from AndroidManifest.xml:149:9
	android:label
		ADDED from AndroidManifest.xml:151:13
	android:noHistory
		ADDED from AndroidManifest.xml:152:13
	android:name
		ADDED from AndroidManifest.xml:150:13
activity#com.isosystem.smarthouse.settings.AddMenuItemSendPassword
ADDED from AndroidManifest.xml:154:9
	android:label
		ADDED from AndroidManifest.xml:156:13
	android:name
		ADDED from AndroidManifest.xml:155:13
activity#com.isosystem.smarthouse.settings.AddMenuItemSendBool
ADDED from AndroidManifest.xml:158:9
	android:label
		ADDED from AndroidManifest.xml:160:13
	android:name
		ADDED from AndroidManifest.xml:159:13
activity#com.isosystem.smarthouse.settings.AddMenuItemSendMessage
ADDED from AndroidManifest.xml:162:9
	android:label
		ADDED from AndroidManifest.xml:164:13
	android:name
		ADDED from AndroidManifest.xml:163:13
activity#com.isosystem.smarthouse.settings.AddMenuItemSendRangeIntValue
ADDED from AndroidManifest.xml:166:9
	android:label
		ADDED from AndroidManifest.xml:168:13
	android:name
		ADDED from AndroidManifest.xml:167:13
activity#com.isosystem.smarthouse.settings.AddMenuItemSendRangeDateTimeValue
ADDED from AndroidManifest.xml:170:9
	android:label
		ADDED from AndroidManifest.xml:172:13
	android:name
		ADDED from AndroidManifest.xml:171:13
activity#com.isosystem.smarthouse.settings.AddMenuItemSliderIntValue
ADDED from AndroidManifest.xml:174:9
	android:label
		ADDED from AndroidManifest.xml:176:13
	android:name
		ADDED from AndroidManifest.xml:175:13
activity#com.isosystem.smarthouse.FormattedScreensActivity
ADDED from AndroidManifest.xml:178:9
	android:label
		ADDED from AndroidManifest.xml:180:13
	android:noHistory
		ADDED from AndroidManifest.xml:181:13
	android:name
		ADDED from AndroidManifest.xml:179:13
activity#com.isosystem.smarthouse.settings.ImportExportFilesActivity
ADDED from AndroidManifest.xml:183:9
	android:label
		ADDED from AndroidManifest.xml:185:13
	android:noHistory
		ADDED from AndroidManifest.xml:186:13
	android:name
		ADDED from AndroidManifest.xml:184:13
activity#com.isosystem.smarthouse.settings.TestFormattedScreenActivity
ADDED from AndroidManifest.xml:188:9
	android:label
		ADDED from AndroidManifest.xml:190:13
	android:noHistory
		ADDED from AndroidManifest.xml:191:13
	android:name
		ADDED from AndroidManifest.xml:189:13
activity#com.isosystem.smarthouse.settings.AddFormattedScreenActivity
ADDED from AndroidManifest.xml:193:9
	android:label
		ADDED from AndroidManifest.xml:195:13
	android:noHistory
		ADDED from AndroidManifest.xml:196:13
	android:name
		ADDED from AndroidManifest.xml:194:13
activity#com.isosystem.smarthouse.utils.ScreenSaverActivity
ADDED from AndroidManifest.xml:198:9
	android:label
		ADDED from AndroidManifest.xml:200:13
	android:noHistory
		ADDED from AndroidManifest.xml:201:13
	android:name
		ADDED from AndroidManifest.xml:199:13
activity#com.isosystem.smarthouse.utils.ScreenDimActivity
ADDED from AndroidManifest.xml:203:9
	android:noHistory
		ADDED from AndroidManifest.xml:205:13
	android:theme
		ADDED from AndroidManifest.xml:206:13
	android:name
		ADDED from AndroidManifest.xml:204:13
uses-sdk
INJECTED from AndroidManifest.xml:0:0 reason: use-sdk injection requested
	android:targetSdkVersion
		INJECTED from AndroidManifest.xml:0:0
		INJECTED from AndroidManifest.xml:0:0
	android:minSdkVersion
		INJECTED from AndroidManifest.xml:0:0
		INJECTED from AndroidManifest.xml:0:0